Crashlog created at 2013-03-20 15:03:31 +0800

===== MESSAGE:

LoadError: cannot load such file -- haml
Install the 'haml' gem using `gem install haml`.

===== COMPILATION STACK:

  (empty)

===== STACK TRACE:

  0. /usr/lib/ruby/1.9.1/rubygems/custom_require.rb:36:in `require'
  1. /usr/lib/ruby/1.9.1/rubygems/custom_require.rb:36:in `require'
  2. /home/chenwenfeng/.gem/ruby/1.9.1/gems/nanoc-3.6.2/lib/nanoc/base/compilation/filter.rb:100:in `block in setup'
  3. /home/chenwenfeng/.gem/ruby/1.9.1/gems/nanoc-3.6.2/lib/nanoc/base/compilation/filter.rb:100:in `each'
  4. /home/chenwenfeng/.gem/ruby/1.9.1/gems/nanoc-3.6.2/lib/nanoc/base/compilation/filter.rb:100:in `setup'
  5. /home/chenwenfeng/.gem/ruby/1.9.1/gems/nanoc-3.6.2/lib/nanoc/base/compilation/filter.rb:121:in `setup_and_run'
  6. /home/chenwenfeng/.gem/ruby/1.9.1/gems/nanoc-3.6.2/lib/nanoc/base/result_data/item_rep.rb:344:in `filter'
  7. /home/chenwenfeng/.gem/ruby/1.9.1/gems/nanoc-3.6.2/lib/nanoc/base/compilation/item_rep_proxy.rb:47:in `filter'
  8. /home/chenwenfeng/.gem/ruby/1.9.1/gems/nanoc-3.6.2/lib/nanoc/base/compilation/rule_context.rb:55:in `filter'
  9. ./Rules:21:in `block in load'
  10. /home/chenwenfeng/.gem/ruby/1.9.1/gems/nanoc-3.6.2/lib/nanoc/base/compilation/rule.rb:68:in `instance_eval'
  11. /home/chenwenfeng/.gem/ruby/1.9.1/gems/nanoc-3.6.2/lib/nanoc/base/compilation/rule.rb:68:in `apply_to'
  12. /home/chenwenfeng/.gem/ruby/1.9.1/gems/nanoc-3.6.2/lib/nanoc/base/compilation/compiler.rb:383:in `compile_rep'
  13. /home/chenwenfeng/.gem/ruby/1.9.1/gems/nanoc-3.6.2/lib/nanoc/base/compilation/compiler.rb:339:in `block in compile_reps'
  14. /home/chenwenfeng/.gem/ruby/1.9.1/gems/nanoc-3.6.2/lib/nanoc/base/compilation/compiler.rb:332:in `loop'
  15. /home/chenwenfeng/.gem/ruby/1.9.1/gems/nanoc-3.6.2/lib/nanoc/base/compilation/compiler.rb:332:in `compile_reps'
  16. /home/chenwenfeng/.gem/ruby/1.9.1/gems/nanoc-3.6.2/lib/nanoc/base/compilation/compiler.rb:89:in `run'
  17. /home/chenwenfeng/.gem/ruby/1.9.1/gems/nanoc-3.6.2/lib/nanoc/base/source_data/site.rb:58:in `compile'
  18. /home/chenwenfeng/.gem/ruby/1.9.1/gems/nanoc-3.6.2/lib/nanoc/cli/commands/watch.rb:42:in `block in run'
  19. /home/chenwenfeng/.gem/ruby/1.9.1/gems/nanoc-3.6.2/lib/nanoc/cli/commands/watch.rb:78:in `call'
  20. /home/chenwenfeng/.gem/ruby/1.9.1/gems/nanoc-3.6.2/lib/nanoc/cli/commands/watch.rb:78:in `block in run'
  21. /home/chenwenfeng/.gem/ruby/1.9.1/gems/listen-0.7.3/lib/listen/multi_listener.rb:108:in `call'
  22. /home/chenwenfeng/.gem/ruby/1.9.1/gems/listen-0.7.3/lib/listen/multi_listener.rb:108:in `on_change'
  23. /home/chenwenfeng/.gem/ruby/1.9.1/gems/listen-0.7.3/lib/listen/multi_listener.rb:117:in `block in initialize_adapter'
  24. /home/chenwenfeng/.gem/ruby/1.9.1/gems/listen-0.7.3/lib/listen/adapter.rb:198:in `call'
  25. /home/chenwenfeng/.gem/ruby/1.9.1/gems/listen-0.7.3/lib/listen/adapter.rb:198:in `report_changes'
  26. /home/chenwenfeng/.gem/ruby/1.9.1/gems/listen-0.7.3/lib/listen/adapter.rb:210:in `poll_changed_dirs'
  ... 29 more lines omitted. See full crash log for details.

===== VERSION INFORMATION:

nanoc 3.6.2 © 2007-2013 Denis Defreyne.
Running ruby 1.9.3 (2013-02-22) on x86_64-linux with RubyGems 1.8.23.

===== SYSTEM INFORMATION:

Linux chenwenfeng 3.7.9-2-ARCH #1 SMP PREEMPT Mon Feb 25 12:04:25 CET 2013 x86_64 GNU/Linux

===== INSTALLED GEMS:

  adsf 1.1.1
  bigdecimal 1.1.0
  colored 1.2
  cri 2.3.0
  ffi 1.4.0
  io-console 0.3
  json 1.5.5
  listen 0.7.3
  mime-types 1.21
  minitest 2.5.1
  nanoc 3.6.1, 3.6.2
  rack 1.5.2
  rake 0.9.2.2
  rb-inotify 0.9.0
  rdoc 3.9.5

===== ENVIRONMENT:

ANDROID_HOME => "/home/chenwenfeng/dev/android-sdk-linux_x86/"
ANDROID_KEYSTORE => "/home/chenwenfeng/workspace/android/devtools/keystore"
ANDROID_SDK_HOME => "/home/chenwenfeng/dev/android-sdk-linux_x86/"
ANDROID_SDK_ROOT => "/home/chenwenfeng/dev/android-sdk-linux_x86/"
COLORFGBG => "15;0"
DBUS_SESSION_BUS_ADDRESS => "unix:abstract=/tmp/dbus-lFKyOtozU4,guid=ab399666ad87c7d07996da1e513ec63c"
DESKTOP_SESSION => "default"
DISPLAY => ":0"
DM_CONTROL => "/var/run/xdmctl"
EDITOR => "vim"
GIT_PAGER => "less -R"
GS_LIB => "/home/chenwenfeng/.fonts"
GTK2_RC_FILES => "/etc/gtk-2.0/gtkrc:/home/chenwenfeng/.gtkrc-2.0:/home/chenwenfeng/.kde4/share/config/gtkrc-2.0"
GTK_IM_MODULE => "ibus"
GTK_MODULES => "canberra-gtk-module"
GTK_RC_FILES => "/etc/gtk/gtkrc:/home/chenwenfeng/.gtkrc:/home/chenwenfeng/.kde4/share/config/gtkrc"
HISTFILE => "/home/chenwenfeng/.zhistory"
HISTSIZE => "10000"
HOME => "/home/chenwenfeng"
IS_LINUX => "true"
JAVA_HOME => "/home/chenwenfeng/dev/java/jdk1.7.0"
KDE_FULL_SESSION => "true"
KDE_MULTIHEAD => "false"
KDE_SESSION_UID => "1000"
KDE_SESSION_VERSION => "4"
KONSOLE_DBUS_SERVICE => ":1.33"
KONSOLE_DBUS_SESSION => "/Sessions/1"
KONSOLE_PROFILE_NAME => "Shell"
LANG => "en_US.UTF-8"
LC_ALL => "en_US.UTF8"
LOGNAME => "chenwenfeng"
LS_COLORS => "no=00;38;5;244:rs=0:di=00;38;5;33:ln=01;38;5;37:mh=00:pi=48;5;230;38;5;136;01:so=48;5;230;38;5;136;01:do=48;5;230;38;5;136;01:bd=48;5;230;38;5;244;01:cd=48;5;230;38;5;244;01:or=48;5;235;38;5;160:su=48;5;160;38;5;230:sg=48;5;136;38;5;230:ca=30;41:tw=48;5;64;38;5;230:ow=48;5;235;38;5;33:st=48;5;33;38;5;230:ex=01;38;5;64:*.tar=00;38;5;61:*.tgz=01;38;5;61:*.arj=01;38;5;61:*.taz=01;38;5;61:*.lzh=01;38;5;61:*.lzma=01;38;5;61:*.tlz=01;38;5;61:*.txz=01;38;5;61:*.zip=01;38;5;61:*.z=01;38;5;61:*.Z=01;38;5;61:*.dz=01;38;5;61:*.gz=01;38;5;61:*.lz=01;38;5;61:*.xz=01;38;5;61:*.bz2=01;38;5;61:*.bz=01;38;5;61:*.tbz=01;38;5;61:*.tbz2=01;38;5;61:*.tz=01;38;5;61:*.deb=01;38;5;61:*.rpm=01;38;5;61:*.jar=01;38;5;61:*.rar=01;38;5;61:*.ace=01;38;5;61:*.zoo=01;38;5;61:*.cpio=01;38;5;61:*.7z=01;38;5;61:*.rz=01;38;5;61:*.apk=01;38;5;61:*.jpg=00;38;5;136:*.JPG=00;38;5;136:*.jpeg=00;38;5;136:*.gif=00;38;5;136:*.bmp=00;38;5;136:*.pbm=00;38;5;136:*.pgm=00;38;5;136:*.ppm=00;38;5;136:*.tga=00;38;5;136:*.xbm=00;38;5;136:*.xpm=00;38;5;136:*.tif=00;38;5;136:*.tiff=00;38;5;136:*.png=00;38;5;136:*.svg=00;38;5;136:*.svgz=00;38;5;136:*.mng=00;38;5;136:*.pcx=00;38;5;136:*.dl=00;38;5;136:*.xcf=00;38;5;136:*.xwd=00;38;5;136:*.yuv=00;38;5;136:*.cgm=00;38;5;136:*.emf=00;38;5;136:*.eps=00;38;5;136:*.CR2=00;38;5;136:*.ico=00;38;5;136:*.tex=01;38;5;245:*.rdf=01;38;5;245:*.owl=01;38;5;245:*.n3=01;38;5;245:*.ttl=01;38;5;245:*.nt=01;38;5;245:*.torrent=01;38;5;245:*.xml=01;38;5;245:*Makefile=01;38;5;245:*Rakefile=01;38;5;245:*build.xml=01;38;5;245:*rc=01;38;5;245:*1=01;38;5;245:*.nfo=01;38;5;245:*README=01;38;5;245:*README.txt=01;38;5;245:*readme.txt=01;38;5;245:*.md=01;38;5;245:*README.markdown=01;38;5;245:*.ini=01;38;5;245:*.yml=01;38;5;245:*.cfg=01;38;5;245:*.conf=01;38;5;245:*.c=01;38;5;245:*.cpp=01;38;5;245:*.cc=01;38;5;245:*.log=00;38;5;240:*.bak=00;38;5;240:*.aux=00;38;5;240:*.bbl=00;38;5;240:*.blg=00;38;5;240:*~=00;38;5;240:*#=00;38;5;240:*.part=00;38;5;240:*.incomplete=00;38;5;240:*.swp=00;38;5;240:*.tmp=00;38;5;240:*.temp=00;38;5;240:*.o=00;38;5;240:*.pyc=00;38;5;240:*.class=00;38;5;240:*.cache=00;38;5;240:*.aac=00;38;5;166:*.au=00;38;5;166:*.flac=00;38;5;166:*.mid=00;38;5;166:*.midi=00;38;5;166:*.mka=00;38;5;166:*.mp3=00;38;5;166:*.mpc=00;38;5;166:*.ogg=00;38;5;166:*.ra=00;38;5;166:*.wav=00;38;5;166:*.m4a=00;38;5;166:*.axa=00;38;5;166:*.oga=00;38;5;166:*.spx=00;38;5;166:*.xspf=00;38;5;166:*.mov=01;38;5;166:*.mpg=01;38;5;166:*.mpeg=01;38;5;166:*.m2v=01;38;5;166:*.mkv=01;38;5;166:*.ogm=01;38;5;166:*.mp4=01;38;5;166:*.m4v=01;38;5;166:*.mp4v=01;38;5;166:*.vob=01;38;5;166:*.qt=01;38;5;166:*.nuv=01;38;5;166:*.wmv=01;38;5;166:*.asf=01;38;5;166:*.rm=01;38;5;166:*.rmvb=01;38;5;166:*.flc=01;38;5;166:*.avi=01;38;5;166:*.fli=01;38;5;166:*.flv=01;38;5;166:*.gl=01;38;5;166:*.m2ts=01;38;5;166:*.divx=01;38;5;166:*.webm=01;38;5;166:*.axv=01;38;5;166:*.anx=01;38;5;166:*.ogv=01;38;5;166:*.ogx=01;38;5;166:"
MAIL => "/var/spool/mail/chenwenfeng"
MOZ_PLUGIN_PATH => "/usr/lib/mozilla/plugins"
OLDPWD => "/home/chenwenfeng/work/nanoc-site"
PATH => "/home/chenwenfeng/bin:/home/chenwenfeng/tools/Qt5.0.0/5.0.0/gcc_64/bin:/home/chenwenfeng/tools/jdk/jdk1.7.0/bin:/home/chenwenfeng/tools/scala-2.10.0/bin:/home/chenwenfeng/tools/play-2.1.0:/home/chenwenfeng/tools/apache-maven-3.0.5/bin:/home/chenwenfeng/tools/adt-bundle-linux-x86_64-20130219/sdk/tools:/home/chenwenfeng/tools/adt-bundle-linux-x86_64-20130219/sdk/platform-tools:/home/chenwenfeng/.gem/ruby/1.9.1/bin:/usr/local/bin:/usr/bin:/bin:/usr/local/sbin:/usr/sbin:/sbin:/usr/bin/core_perl"
PROFILEHOME => ""
PWD => "/home/chenwenfeng/work/nanoc-site/blog"
QT_IM_MODULE => "ibus"
QT_PLUGIN_PATH => "/home/chenwenfeng/.kde4/lib/kde4/plugins/:/usr/lib/kde4/plugins/"
SAVEHIST => "10000"
SCALA_HOME => "/home/chenwenfeng/dev/scala/scala-current/"
SESSION_MANAGER => "local/chenwenfeng:@/tmp/.ICE-unix/498,unix/chenwenfeng:/tmp/.ICE-unix/498"
SHELL => "/bin/zsh"
SHELL_SESSION_ID => "84a5e055f53740008fe065d7053f1efb"
SHLVL => "4"
TERM => "screen-256color"
TMUX => "/tmp//tmux-1000/default,1397,0"
TMUX_PANE => "%5"
USER => "chenwenfeng"
WINDOWID => "39845915"
WINDOWPATH => "7"
XCURSOR_THEME => "Oxygen_White"
XDG_DATA_DIRS => "/usr/share:/usr/share:/usr/local/share"
XDG_RUNTIME_DIR => "/run/user/1000"
XDG_SEAT => "seat0"
XDG_SESSION_ID => "1"
XDG_VTNR => "7"
XDM_MANAGED => "method=classic"
XMODIFIERS => "@im=ibus"
ZLSCOLORS => ""
_ => "/home/chenwenfeng/.gem/ruby/1.9.1/bin/nanoc"

===== LOAD PATHS:

  0. /home/chenwenfeng/.gem/ruby/1.9.1/gems/nanoc-3.6.2/lib
  1. /home/chenwenfeng/.gem/ruby/1.9.1/gems/colored-1.2/lib
  2. /home/chenwenfeng/.gem/ruby/1.9.1/gems/cri-2.3.0/lib
  3. /home/chenwenfeng/.gem/ruby/1.9.1/gems/nanoc-3.6.2/lib
  4. /home/chenwenfeng/.gem/ruby/1.9.1/gems/listen-0.7.3/lib
  5. /home/chenwenfeng/.gem/ruby/1.9.1/gems/ffi-1.4.0/lib
  6. /home/chenwenfeng/.gem/ruby/1.9.1/gems/ffi-1.4.0/ext/ffi_c
  7. /home/chenwenfeng/.gem/ruby/1.9.1/gems/rb-inotify-0.9.0/lib
  8. /usr/lib/ruby/site_ruby/1.9.1
  9. /usr/lib/ruby/site_ruby/1.9.1/x86_64-linux
  10. /usr/lib/ruby/site_ruby
  11. /usr/lib/ruby/vendor_ruby/1.9.1
  12. /usr/lib/ruby/vendor_ruby/1.9.1/x86_64-linux
  13. /usr/lib/ruby/vendor_ruby
  14. /usr/lib/ruby/1.9.1
  15. /usr/lib/ruby/1.9.1/x86_64-linux
